2022-12-18 22:12:285 INFO  DesktopPage :54 - Click on the Electronic Tab : [[ChromeDriver: chrome on WINDOWS (64fd72982db54c8e4cee54ecce44a1de)] -> xpath: //a[text()='Electronics ']]
2022-12-18 22:12:333 INFO  RegisterPage :73 - Get register text: [[ChromeDriver: chrome on WINDOWS (64fd72982db54c8e4cee54ecce44a1de)] -> css selector: div[class='page-title'] h1]
2022-12-18 22:12:184 INFO  DesktopPage :59 - Click on the Apparal Tab : [[ChromeDriver: chrome on WINDOWS (1d0ec34401ed803ca444ea927cc674cc)] -> xpath: //a[text()='Apparel ']]
2022-12-18 22:12:215 INFO  RegisterPage :73 - Get register text: [[ChromeDriver: chrome on WINDOWS (1d0ec34401ed803ca444ea927cc674cc)] -> css selector: div[class='page-title'] h1]
2022-12-18 22:12:623 INFO  DesktopPage :64 - Click on the Digital Download Tab : [[ChromeDriver: chrome on WINDOWS (3a2e15b23d6574024d1774e74da124db)] -> xpath: //a[text()='Digital downloads ']]
2022-12-18 22:12:659 INFO  RegisterPage :73 - Get register text: [[ChromeDriver: chrome on WINDOWS (3a2e15b23d6574024d1774e74da124db)] -> css selector: div[class='page-title'] h1]
2022-12-18 22:12:751 INFO  HomePage :35 - Clicking on login link : [[ChromeDriver: chrome on WINDOWS (410c04f55bf4658a9eaf297b64fb3861)] -> link text: Log in]
2022-12-18 22:12:927 INFO  LoginPage :52 - Enter email Id : [[ChromeDriver: chrome on WINDOWS (410c04f55bf4658a9eaf297b64fb3861)] -> id: Email]
2022-12-18 22:12:49 INFO  LoginPage :57 - Enter password : [[ChromeDriver: chrome on WINDOWS (410c04f55bf4658a9eaf297b64fb3861)] -> name: Password]
2022-12-18 22:12:422 INFO  LoginPage :62 - Clicking on Login Button : [[ChromeDriver: chrome on WINDOWS (410c04f55bf4658a9eaf297b64fb3861)] -> xpath: //button[contains(text(),'Log in')]]
2022-12-18 22:12:68 INFO  HomePage :40 - Clicking on register link : [[ChromeDriver: chrome on WINDOWS (79ac96961f5ac3e3c8f430b58c6d4250)] -> link text: Register]
2022-12-18 22:12:136 INFO  RegisterPage :79 - Enter Gender : [[ChromeDriver: chrome on WINDOWS (79ac96961f5ac3e3c8f430b58c6d4250)] -> id: gender-male]
2022-12-18 22:12:241 INFO  RegisterPage :84 - Enter Firstname : [[ChromeDriver: chrome on WINDOWS (79ac96961f5ac3e3c8f430b58c6d4250)] -> id: FirstName]
2022-12-18 22:12:341 INFO  RegisterPage :89 - Enter last name : [[ChromeDriver: chrome on WINDOWS (79ac96961f5ac3e3c8f430b58c6d4250)] -> id: LastName]
2022-12-18 22:12:412 INFO  RegisterPage :94 - Enter day of birth : [[ChromeDriver: chrome on WINDOWS (79ac96961f5ac3e3c8f430b58c6d4250)] -> name: DateOfBirthDay]
2022-12-18 22:12:481 INFO  RegisterPage :99 - Enter month of birth : [[ChromeDriver: chrome on WINDOWS (79ac96961f5ac3e3c8f430b58c6d4250)] -> name: DateOfBirthMonth]
2022-12-18 22:12:559 INFO  RegisterPage :104 - Enter year of birth : [[ChromeDriver: chrome on WINDOWS (79ac96961f5ac3e3c8f430b58c6d4250)] -> name: DateOfBirthYear]
2022-12-18 22:12:695 INFO  LoginPage :52 - Enter email Id : [[ChromeDriver: chrome on WINDOWS (79ac96961f5ac3e3c8f430b58c6d4250)] -> id: Email]
2022-12-18 22:12:788 INFO  RegisterPage :109 - Enter company name  : [[ChromeDriver: chrome on WINDOWS (79ac96961f5ac3e3c8f430b58c6d4250)] -> id: Company]
2022-12-18 22:12:911 INFO  RegisterPage :114 - Enter password : [[ChromeDriver: chrome on WINDOWS (79ac96961f5ac3e3c8f430b58c6d4250)] -> xpath: //input[@id='Password']]
2022-12-18 22:12:21 INFO  RegisterPage :119 - Enter pasword : [[ChromeDriver: chrome on WINDOWS (79ac96961f5ac3e3c8f430b58c6d4250)] -> name: ConfirmPassword]
2022-12-18 22:12:691 INFO  RegisterPage :124 - Click on register button : [[ChromeDriver: chrome on WINDOWS (79ac96961f5ac3e3c8f430b58c6d4250)] -> id: register-button]
2022-12-18 22:12:732 INFO  RegisterPage :73 - Get register text: [[ChromeDriver: chrome on WINDOWS (79ac96961f5ac3e3c8f430b58c6d4250)] -> css selector: div[class='page-title'] h1]
2022-12-18 23:03:30 INFO  DesktopPage :49 - Click on the Computer Tab : [[ChromeDriver: chrome on WINDOWS (002e41e42da9e0392dd40e1c2a74f118)] -> xpath: //a[text()='Computers ']]
2022-12-18 23:03:30 INFO  RegisterPage :73 - Get register text: [[ChromeDriver: chrome on WINDOWS (002e41e42da9e0392dd40e1c2a74f118)] -> css selector: div[class='page-title'] h1]
2022-12-18 23:03:34 INFO  DesktopPage :54 - Click on the Electronic Tab : [[ChromeDriver: chrome on WINDOWS (c2f9cb1b79995c826b50fdbfb3af5073)] -> xpath: //a[text()='Electronics ']]
2022-12-18 23:03:34 INFO  RegisterPage :73 - Get register text: [[ChromeDriver: chrome on WINDOWS (c2f9cb1b79995c826b50fdbfb3af5073)] -> css selector: div[class='page-title'] h1]
2022-12-18 23:03:38 INFO  DesktopPage :59 - Click on the Apparal Tab : [[ChromeDriver: chrome on WINDOWS (889ab08f9d1143da266aa7b740c9b595)] -> xpath: //a[text()='Apparel ']]
2022-12-18 23:03:38 INFO  RegisterPage :73 - Get register text: [[ChromeDriver: chrome on WINDOWS (889ab08f9d1143da266aa7b740c9b595)] -> css selector: div[class='page-title'] h1]
2022-12-18 23:03:42 INFO  DesktopPage :64 - Click on the Digital Download Tab : [[ChromeDriver: chrome on WINDOWS (49b8514d9ec57fc502cf5e79ca6f6ca8)] -> xpath: //a[text()='Digital downloads ']]
2022-12-18 23:03:42 INFO  RegisterPage :73 - Get register text: [[ChromeDriver: chrome on WINDOWS (49b8514d9ec57fc502cf5e79ca6f6ca8)] -> css selector: div[class='page-title'] h1]
2022-12-18 23:03:45 INFO  DesktopPage :69 - Click on the Books Tab : [[ChromeDriver: chrome on WINDOWS (e87dfad74a5d5b2a904ce5581e65a7ae)] -> xpath: //a[text()='Books ']]
2022-12-18 23:03:45 INFO  RegisterPage :73 - Get register text: [[ChromeDriver: chrome on WINDOWS (e87dfad74a5d5b2a904ce5581e65a7ae)] -> css selector: div[class='page-title'] h1]
2022-12-18 23:03:49 INFO  DesktopPage :74 - Click on the Jewelery Tab : [[ChromeDriver: chrome on WINDOWS (cf697e805c495311a7f299b090143b98)] -> xpath: //a[text()='Jewelry ']]
2022-12-18 23:03:49 INFO  RegisterPage :73 - Get register text: [[ChromeDriver: chrome on WINDOWS (cf697e805c495311a7f299b090143b98)] -> css selector: div[class='page-title'] h1]
2022-12-18 23:03:52 INFO  DesktopPage :79 - Click on the Gift Cards Tab : [[ChromeDriver: chrome on WINDOWS (879085208e50657eaeceff21f8b8f5c9)] -> xpath: //a[text()='Gift Cards ']]
2022-12-18 23:03:52 INFO  RegisterPage :73 - Get register text: [[ChromeDriver: chrome on WINDOWS (879085208e50657eaeceff21f8b8f5c9)] -> css selector: div[class='page-title'] h1]
2022-12-18 23:03:56 INFO  HomePage :35 - Clicking on login link : [[ChromeDriver: chrome on WINDOWS (d8da6bd54cd89d6fd5d7bc2b222d57ab)] -> link text: Log in]
2022-12-18 23:03:56 INFO  LoginPage :46 - Getting text from : [[ChromeDriver: chrome on WINDOWS (d8da6bd54cd89d6fd5d7bc2b222d57ab)] -> xpath: //h1[contains(text(),'Welcome, Please Sign In!')]]
2022-12-18 23:04:00 INFO  HomePage :35 - Clicking on login link : [[ChromeDriver: chrome on WINDOWS (7bf1c3bfee9b132ccbe9cc79e44528fd)] -> link text: Log in]
2022-12-18 23:04:00 INFO  LoginPage :52 - Enter email Id : [[ChromeDriver: chrome on WINDOWS (7bf1c3bfee9b132ccbe9cc79e44528fd)] -> id: Email]
2022-12-18 23:04:00 INFO  LoginPage :57 - Enter password : [[ChromeDriver: chrome on WINDOWS (7bf1c3bfee9b132ccbe9cc79e44528fd)] -> name: Password]
2022-12-18 23:04:00 INFO  LoginPage :62 - Clicking on Login Button : [[ChromeDriver: chrome on WINDOWS (7bf1c3bfee9b132ccbe9cc79e44528fd)] -> xpath: //button[contains(text(),'Log in')]]
2022-12-18 23:04:03 INFO  HomePage :35 - Clicking on login link : [[ChromeDriver: chrome on WINDOWS (b95e530c0d3845a8d85e3fc4bda730c5)] -> link text: Log in]
2022-12-18 23:04:03 INFO  LoginPage :52 - Enter email Id : [[ChromeDriver: chrome on WINDOWS (b95e530c0d3845a8d85e3fc4bda730c5)] -> id: Email]
2022-12-18 23:04:04 INFO  LoginPage :57 - Enter password : [[ChromeDriver: chrome on WINDOWS (b95e530c0d3845a8d85e3fc4bda730c5)] -> name: Password]
2022-12-18 23:04:04 INFO  LoginPage :62 - Clicking on Login Button : [[ChromeDriver: chrome on WINDOWS (b95e530c0d3845a8d85e3fc4bda730c5)] -> xpath: //button[contains(text(),'Log in')]]
2022-12-18 23:04:04 INFO  LoginPage :67 - Getting text from : [[ChromeDriver: chrome on WINDOWS (b95e530c0d3845a8d85e3fc4bda730c5)] -> xpath: //div[@class='message-error validation-summary-errors']]
2022-12-18 23:04:08 INFO  HomePage :40 - Clicking on register link : [[ChromeDriver: chrome on WINDOWS (3859286c257a9a0a543a9d68688e3dfc)] -> link text: Register]
2022-12-18 23:04:08 INFO  RegisterPage :73 - Get register text: [[ChromeDriver: chrome on WINDOWS (3859286c257a9a0a543a9d68688e3dfc)] -> css selector: div[class='page-title'] h1]
2022-12-18 23:04:12 INFO  HomePage :40 - Clicking on register link : [[ChromeDriver: chrome on WINDOWS (4291b6b83ca90fce860c768a0f625905)] -> link text: Register]
2022-12-18 23:04:12 INFO  RegisterPage :79 - Enter Gender : [[ChromeDriver: chrome on WINDOWS (4291b6b83ca90fce860c768a0f625905)] -> id: gender-male]
2022-12-18 23:04:12 INFO  RegisterPage :84 - Enter Firstname : [[ChromeDriver: chrome on WINDOWS (4291b6b83ca90fce860c768a0f625905)] -> id: FirstName]
2022-12-18 23:04:12 INFO  RegisterPage :89 - Enter last name : [[ChromeDriver: chrome on WINDOWS (4291b6b83ca90fce860c768a0f625905)] -> id: LastName]
2022-12-18 23:04:12 INFO  RegisterPage :94 - Enter day of birth : [[ChromeDriver: chrome on WINDOWS (4291b6b83ca90fce860c768a0f625905)] -> name: DateOfBirthDay]
2022-12-18 23:04:12 INFO  RegisterPage :99 - Enter month of birth : [[ChromeDriver: chrome on WINDOWS (4291b6b83ca90fce860c768a0f625905)] -> name: DateOfBirthMonth]
2022-12-18 23:04:12 INFO  RegisterPage :104 - Enter year of birth : [[ChromeDriver: chrome on WINDOWS (4291b6b83ca90fce860c768a0f625905)] -> name: DateOfBirthYear]
2022-12-18 23:04:12 INFO  LoginPage :52 - Enter email Id : [[ChromeDriver: chrome on WINDOWS (4291b6b83ca90fce860c768a0f625905)] -> id: Email]
2022-12-18 23:04:13 INFO  RegisterPage :109 - Enter company name  : [[ChromeDriver: chrome on WINDOWS (4291b6b83ca90fce860c768a0f625905)] -> id: Company]
2022-12-18 23:04:13 INFO  RegisterPage :114 - Enter password : [[ChromeDriver: chrome on WINDOWS (4291b6b83ca90fce860c768a0f625905)] -> xpath: //input[@id='Password']]
2022-12-18 23:04:13 INFO  RegisterPage :119 - Enter pasword : [[ChromeDriver: chrome on WINDOWS (4291b6b83ca90fce860c768a0f625905)] -> name: ConfirmPassword]
2022-12-18 23:04:13 INFO  RegisterPage :124 - Click on register button : [[ChromeDriver: chrome on WINDOWS (4291b6b83ca90fce860c768a0f625905)] -> id: register-button]
2022-12-18 23:04:13 INFO  RegisterPage :73 - Get register text: [[ChromeDriver: chrome on WINDOWS (4291b6b83ca90fce860c768a0f625905)] -> css selector: div[class='page-title'] h1]
2022-12-18 23:32:16 INFO  HomePage :40 - Clicking on register link : [[ChromeDriver: chrome on WINDOWS (d532b4ecc4d61ef1cfd6eeec7759785c)] -> link text: Register]
2022-12-18 23:32:16 INFO  RegisterPage :79 - Enter Gender : [[ChromeDriver: chrome on WINDOWS (d532b4ecc4d61ef1cfd6eeec7759785c)] -> id: gender-male]
2022-12-18 23:32:16 INFO  RegisterPage :84 - Enter Firstname : [[ChromeDriver: chrome on WINDOWS (d532b4ecc4d61ef1cfd6eeec7759785c)] -> id: FirstName]
2022-12-18 23:32:16 INFO  RegisterPage :89 - Enter last name : [[ChromeDriver: chrome on WINDOWS (d532b4ecc4d61ef1cfd6eeec7759785c)] -> id: LastName]
2022-12-18 23:32:16 INFO  RegisterPage :94 - Enter day of birth : [[ChromeDriver: chrome on WINDOWS (d532b4ecc4d61ef1cfd6eeec7759785c)] -> name: DateOfBirthDay]
2022-12-18 23:32:16 INFO  RegisterPage :99 - Enter month of birth : [[ChromeDriver: chrome on WINDOWS (d532b4ecc4d61ef1cfd6eeec7759785c)] -> name: DateOfBirthMonth]
2022-12-18 23:32:16 INFO  RegisterPage :104 - Enter year of birth : [[ChromeDriver: chrome on WINDOWS (d532b4ecc4d61ef1cfd6eeec7759785c)] -> name: DateOfBirthYear]
2022-12-18 23:32:16 INFO  LoginPage :52 - Enter email Id : [[ChromeDriver: chrome on WINDOWS (d532b4ecc4d61ef1cfd6eeec7759785c)] -> id: Email]
2022-12-18 23:32:16 INFO  RegisterPage :109 - Enter company name  : [[ChromeDriver: chrome on WINDOWS (d532b4ecc4d61ef1cfd6eeec7759785c)] -> id: Company]
2022-12-18 23:32:16 INFO  RegisterPage :114 - Enter password : [[ChromeDriver: chrome on WINDOWS (d532b4ecc4d61ef1cfd6eeec7759785c)] -> xpath: //input[@id='Password']]
2022-12-18 23:32:17 INFO  RegisterPage :119 - Enter pasword : [[ChromeDriver: chrome on WINDOWS (d532b4ecc4d61ef1cfd6eeec7759785c)] -> name: ConfirmPassword]
2022-12-18 23:32:17 INFO  RegisterPage :124 - Click on register button : [[ChromeDriver: chrome on WINDOWS (d532b4ecc4d61ef1cfd6eeec7759785c)] -> id: register-button]
2022-12-18 23:32:17 INFO  RegisterPage :73 - Get register text: [[ChromeDriver: chrome on WINDOWS (d532b4ecc4d61ef1cfd6eeec7759785c)] -> css selector: div[class='page-title'] h1]
2022-12-19 12:02:33 INFO  DesktopPage :54 - Click on the Electronic Tab : [[ChromeDriver: chrome on WINDOWS (34d16e96ddda59209e8e76ce81ca2085)] -> xpath: //a[text()='Electronics ']]
2022-12-19 12:02:33 INFO  RegisterPage :73 - Get register text: [[ChromeDriver: chrome on WINDOWS (34d16e96ddda59209e8e76ce81ca2085)] -> css selector: div[class='page-title'] h1]
2022-12-19 12:02:37 INFO  DesktopPage :59 - Click on the Apparal Tab : [[ChromeDriver: chrome on WINDOWS (5186af2a13ed3da635423eb95790659f)] -> xpath: //a[text()='Apparel ']]
2022-12-19 12:02:37 INFO  RegisterPage :73 - Get register text: [[ChromeDriver: chrome on WINDOWS (5186af2a13ed3da635423eb95790659f)] -> css selector: div[class='page-title'] h1]
2022-12-19 12:02:41 INFO  DesktopPage :64 - Click on the Digital Download Tab : [[ChromeDriver: chrome on WINDOWS (7ca2effff8927d03d5896266c8857954)] -> xpath: //a[text()='Digital downloads ']]
2022-12-19 12:02:41 INFO  RegisterPage :73 - Get register text: [[ChromeDriver: chrome on WINDOWS (7ca2effff8927d03d5896266c8857954)] -> css selector: div[class='page-title'] h1]
2022-12-19 12:02:45 INFO  HomePage :35 - Clicking on login link : [[ChromeDriver: chrome on WINDOWS (f80e31dc84aedf8ca796b198f4ce3370)] -> link text: Log in]
2022-12-19 12:02:45 INFO  LoginPage :52 - Enter email Id : [[ChromeDriver: chrome on WINDOWS (f80e31dc84aedf8ca796b198f4ce3370)] -> id: Email]
2022-12-19 12:02:45 INFO  LoginPage :57 - Enter password : [[ChromeDriver: chrome on WINDOWS (f80e31dc84aedf8ca796b198f4ce3370)] -> name: Password]
2022-12-19 12:02:45 INFO  LoginPage :62 - Clicking on Login Button : [[ChromeDriver: chrome on WINDOWS (f80e31dc84aedf8ca796b198f4ce3370)] -> xpath: //button[contains(text(),'Log in')]]
2022-12-19 12:02:49 INFO  HomePage :40 - Clicking on register link : [[ChromeDriver: chrome on WINDOWS (6441a180b165d2babf08476c78364c1c)] -> link text: Register]
2022-12-19 12:02:49 INFO  RegisterPage :79 - Enter Gender : [[ChromeDriver: chrome on WINDOWS (6441a180b165d2babf08476c78364c1c)] -> id: gender-male]
2022-12-19 12:02:49 INFO  RegisterPage :84 - Enter Firstname : [[ChromeDriver: chrome on WINDOWS (6441a180b165d2babf08476c78364c1c)] -> id: FirstName]
2022-12-19 12:02:49 INFO  RegisterPage :89 - Enter last name : [[ChromeDriver: chrome on WINDOWS (6441a180b165d2babf08476c78364c1c)] -> id: LastName]
2022-12-19 12:02:49 INFO  RegisterPage :94 - Enter day of birth : [[ChromeDriver: chrome on WINDOWS (6441a180b165d2babf08476c78364c1c)] -> name: DateOfBirthDay]
2022-12-19 12:02:49 INFO  RegisterPage :99 - Enter month of birth : [[ChromeDriver: chrome on WINDOWS (6441a180b165d2babf08476c78364c1c)] -> name: DateOfBirthMonth]
2022-12-19 12:02:49 INFO  RegisterPage :104 - Enter year of birth : [[ChromeDriver: chrome on WINDOWS (6441a180b165d2babf08476c78364c1c)] -> name: DateOfBirthYear]
2022-12-19 12:02:49 INFO  LoginPage :52 - Enter email Id : [[ChromeDriver: chrome on WINDOWS (6441a180b165d2babf08476c78364c1c)] -> id: Email]
2022-12-19 12:02:49 INFO  RegisterPage :109 - Enter company name  : [[ChromeDriver: chrome on WINDOWS (6441a180b165d2babf08476c78364c1c)] -> id: Company]
2022-12-19 12:02:49 INFO  RegisterPage :114 - Enter password : [[ChromeDriver: chrome on WINDOWS (6441a180b165d2babf08476c78364c1c)] -> xpath: //input[@id='Password']]
2022-12-19 12:02:49 INFO  RegisterPage :119 - Enter pasword : [[ChromeDriver: chrome on WINDOWS (6441a180b165d2babf08476c78364c1c)] -> name: ConfirmPassword]
2022-12-19 12:02:49 INFO  RegisterPage :124 - Click on register button : [[ChromeDriver: chrome on WINDOWS (6441a180b165d2babf08476c78364c1c)] -> id: register-button]
2022-12-19 12:02:49 INFO  RegisterPage :73 - Get register text: [[ChromeDriver: chrome on WINDOWS (6441a180b165d2babf08476c78364c1c)] -> css selector: div[class='page-title'] h1]
2022-12-19 15:24:40 INFO  HomePage :35 - Clicking on login link : [[ChromeDriver: chrome on WINDOWS (9e98d2204206ecb209f1b7922d168678)] -> link text: Log in]
2022-12-19 15:24:40 INFO  LoginPage :46 - Getting text from : [[ChromeDriver: chrome on WINDOWS (9e98d2204206ecb209f1b7922d168678)] -> xpath: //h1[contains(text(),'Welcome, Please Sign In!')]]
2022-12-19 19:16:04 INFO  DesktopPage :49 - Click on the Computer Tab : [[ChromeDriver: chrome on WINDOWS (ea405881da9e6575ee965a3f8e27c87e)] -> xpath: //a[text()='Computers ']]
2022-12-19 19:16:04 INFO  RegisterPage :73 - Get register text: [[ChromeDriver: chrome on WINDOWS (ea405881da9e6575ee965a3f8e27c87e)] -> css selector: div[class='page-title'] h1]
2022-12-19 19:16:08 INFO  DesktopPage :54 - Click on the Electronic Tab : [[ChromeDriver: chrome on WINDOWS (954a6fb08ce3eda945514e0f4650582a)] -> xpath: //a[text()='Electronics ']]
2022-12-19 19:16:08 INFO  RegisterPage :73 - Get register text: [[ChromeDriver: chrome on WINDOWS (954a6fb08ce3eda945514e0f4650582a)] -> css selector: div[class='page-title'] h1]
2022-12-19 19:16:12 INFO  DesktopPage :59 - Click on the Apparal Tab : [[ChromeDriver: chrome on WINDOWS (6e139a25daee5abc232bd797a3c32594)] -> xpath: //a[text()='Apparel ']]
2022-12-19 19:16:12 INFO  RegisterPage :73 - Get register text: [[ChromeDriver: chrome on WINDOWS (6e139a25daee5abc232bd797a3c32594)] -> css selector: div[class='page-title'] h1]
2022-12-19 19:16:17 INFO  DesktopPage :64 - Click on the Digital Download Tab : [[ChromeDriver: chrome on WINDOWS (9ad134b5de2c8196776191d5d8b3d743)] -> xpath: //a[text()='Digital downloads ']]
2022-12-19 19:16:17 INFO  RegisterPage :73 - Get register text: [[ChromeDriver: chrome on WINDOWS (9ad134b5de2c8196776191d5d8b3d743)] -> css selector: div[class='page-title'] h1]
2022-12-19 19:16:21 INFO  DesktopPage :69 - Click on the Books Tab : [[ChromeDriver: chrome on WINDOWS (23fe5c1b7d4c2fbd821868ba63d3c1b3)] -> xpath: //a[text()='Books ']]
2022-12-19 19:16:21 INFO  RegisterPage :73 - Get register text: [[ChromeDriver: chrome on WINDOWS (23fe5c1b7d4c2fbd821868ba63d3c1b3)] -> css selector: div[class='page-title'] h1]
2022-12-19 19:16:24 INFO  DesktopPage :74 - Click on the Jewelery Tab : [[ChromeDriver: chrome on WINDOWS (ee416a0c76eac60a609a54ba36ca21b8)] -> xpath: //a[text()='Jewelry ']]
2022-12-19 19:16:24 INFO  RegisterPage :73 - Get register text: [[ChromeDriver: chrome on WINDOWS (ee416a0c76eac60a609a54ba36ca21b8)] -> css selector: div[class='page-title'] h1]
2022-12-19 19:16:28 INFO  DesktopPage :79 - Click on the Gift Cards Tab : [[ChromeDriver: chrome on WINDOWS (41cc037de6a70808c52cd569c982500c)] -> xpath: //a[text()='Gift Cards ']]
2022-12-19 19:16:28 INFO  RegisterPage :73 - Get register text: [[ChromeDriver: chrome on WINDOWS (41cc037de6a70808c52cd569c982500c)] -> css selector: div[class='page-title'] h1]
2022-12-19 19:16:31 INFO  HomePage :35 - Clicking on login link : [[ChromeDriver: chrome on WINDOWS (1c91f6cf9f81fefca4c40cdcc73915ce)] -> link text: Log in]
2022-12-19 19:16:31 INFO  LoginPage :46 - Getting text from : [[ChromeDriver: chrome on WINDOWS (1c91f6cf9f81fefca4c40cdcc73915ce)] -> xpath: //h1[contains(text(),'Welcome, Please Sign In!')]]
2022-12-19 19:16:33 INFO  HomePage :35 - Clicking on login link : [[ChromeDriver: chrome on WINDOWS (0b278b97f846718f47e7edd5dc30fa1f)] -> link text: Log in]
2022-12-19 19:16:33 INFO  LoginPage :52 - Enter email Id : [[ChromeDriver: chrome on WINDOWS (0b278b97f846718f47e7edd5dc30fa1f)] -> id: Email]
2022-12-19 19:16:34 INFO  LoginPage :57 - Enter password : [[ChromeDriver: chrome on WINDOWS (0b278b97f846718f47e7edd5dc30fa1f)] -> name: Password]
2022-12-19 19:16:34 INFO  LoginPage :62 - Clicking on Login Button : [[ChromeDriver: chrome on WINDOWS (0b278b97f846718f47e7edd5dc30fa1f)] -> xpath: //button[contains(text(),'Log in')]]
2022-12-19 19:16:37 INFO  HomePage :35 - Clicking on login link : [[ChromeDriver: chrome on WINDOWS (2ede486d30390d6f6c4b0ec380ec192d)] -> link text: Log in]
2022-12-19 19:16:37 INFO  LoginPage :52 - Enter email Id : [[ChromeDriver: chrome on WINDOWS (2ede486d30390d6f6c4b0ec380ec192d)] -> id: Email]
2022-12-19 19:16:37 INFO  LoginPage :57 - Enter password : [[ChromeDriver: chrome on WINDOWS (2ede486d30390d6f6c4b0ec380ec192d)] -> name: Password]
2022-12-19 19:16:38 INFO  LoginPage :62 - Clicking on Login Button : [[ChromeDriver: chrome on WINDOWS (2ede486d30390d6f6c4b0ec380ec192d)] -> xpath: //button[contains(text(),'Log in')]]
2022-12-19 19:16:38 INFO  LoginPage :67 - Getting text from : [[ChromeDriver: chrome on WINDOWS (2ede486d30390d6f6c4b0ec380ec192d)] -> xpath: //div[@class='message-error validation-summary-errors']]
2022-12-19 19:16:40 INFO  HomePage :40 - Clicking on register link : [[ChromeDriver: chrome on WINDOWS (39b2139d631f1cf92bc3f3ec5c2fb92f)] -> link text: Register]
2022-12-19 19:16:40 INFO  RegisterPage :73 - Get register text: [[ChromeDriver: chrome on WINDOWS (39b2139d631f1cf92bc3f3ec5c2fb92f)] -> css selector: div[class='page-title'] h1]
2022-12-19 19:16:43 INFO  HomePage :40 - Clicking on register link : [[ChromeDriver: chrome on WINDOWS (43264817b209f01f60ca21865af3bdb4)] -> link text: Register]
2022-12-19 19:16:43 INFO  RegisterPage :79 - Enter Gender : [[ChromeDriver: chrome on WINDOWS (43264817b209f01f60ca21865af3bdb4)] -> id: gender-male]
2022-12-19 19:16:43 INFO  RegisterPage :84 - Enter Firstname : [[ChromeDriver: chrome on WINDOWS (43264817b209f01f60ca21865af3bdb4)] -> id: FirstName]
2022-12-19 19:16:44 INFO  RegisterPage :89 - Enter last name : [[ChromeDriver: chrome on WINDOWS (43264817b209f01f60ca21865af3bdb4)] -> id: LastName]
2022-12-19 19:16:44 INFO  RegisterPage :94 - Enter day of birth : [[ChromeDriver: chrome on WINDOWS (43264817b209f01f60ca21865af3bdb4)] -> name: DateOfBirthDay]
2022-12-19 19:16:44 INFO  RegisterPage :99 - Enter month of birth : [[ChromeDriver: chrome on WINDOWS (43264817b209f01f60ca21865af3bdb4)] -> name: DateOfBirthMonth]
2022-12-19 19:16:44 INFO  RegisterPage :104 - Enter year of birth : [[ChromeDriver: chrome on WINDOWS (43264817b209f01f60ca21865af3bdb4)] -> name: DateOfBirthYear]
2022-12-19 19:16:44 INFO  LoginPage :52 - Enter email Id : [[ChromeDriver: chrome on WINDOWS (43264817b209f01f60ca21865af3bdb4)] -> id: Email]
2022-12-19 19:16:44 INFO  RegisterPage :109 - Enter company name  : [[ChromeDriver: chrome on WINDOWS (43264817b209f01f60ca21865af3bdb4)] -> id: Company]
2022-12-19 19:16:44 INFO  RegisterPage :114 - Enter password : [[ChromeDriver: chrome on WINDOWS (43264817b209f01f60ca21865af3bdb4)] -> xpath: //input[@id='Password']]
2022-12-19 19:16:44 INFO  RegisterPage :119 - Enter pasword : [[ChromeDriver: chrome on WINDOWS (43264817b209f01f60ca21865af3bdb4)] -> name: ConfirmPassword]
2022-12-19 19:16:44 INFO  RegisterPage :124 - Click on register button : [[ChromeDriver: chrome on WINDOWS (43264817b209f01f60ca21865af3bdb4)] -> id: register-button]
2022-12-19 19:16:44 INFO  RegisterPage :73 - Get register text: [[ChromeDriver: chrome on WINDOWS (43264817b209f01f60ca21865af3bdb4)] -> css selector: div[class='page-title'] h1]
2022-12-20 23:20:27 INFO  DesktopPage :49 - Click on the Computer Tab : [[ChromeDriver: chrome on WINDOWS (26a009657f9584c691408d888a17e70a)] -> xpath: //a[text()='Computers ']]
2022-12-20 23:20:27 INFO  RegisterPage :73 - Get register text: [[ChromeDriver: chrome on WINDOWS (26a009657f9584c691408d888a17e70a)] -> css selector: div[class='page-title'] h1]
2022-12-20 23:20:33 INFO  DesktopPage :54 - Click on the Electronic Tab : [[ChromeDriver: chrome on WINDOWS (8ac91f256845a7bfce965164b57e3fce)] -> xpath: //a[text()='Electronics ']]
2022-12-20 23:20:33 INFO  RegisterPage :73 - Get register text: [[ChromeDriver: chrome on WINDOWS (8ac91f256845a7bfce965164b57e3fce)] -> css selector: div[class='page-title'] h1]
2022-12-20 23:20:38 INFO  DesktopPage :59 - Click on the Apparal Tab : [[ChromeDriver: chrome on WINDOWS (ff55b7e771e8ce61f3ba08a0a9730d82)] -> xpath: //a[text()='Apparel ']]
2022-12-20 23:20:38 INFO  RegisterPage :73 - Get register text: [[ChromeDriver: chrome on WINDOWS (ff55b7e771e8ce61f3ba08a0a9730d82)] -> css selector: div[class='page-title'] h1]
2022-12-20 23:20:43 INFO  DesktopPage :64 - Click on the Digital Download Tab : [[ChromeDriver: chrome on WINDOWS (cfb07cffb55e5926cce1500afd0f76c1)] -> xpath: //a[text()='Digital downloads ']]
2022-12-20 23:20:43 INFO  RegisterPage :73 - Get register text: [[ChromeDriver: chrome on WINDOWS (cfb07cffb55e5926cce1500afd0f76c1)] -> css selector: div[class='page-title'] h1]
2022-12-20 23:20:47 INFO  DesktopPage :69 - Click on the Books Tab : [[ChromeDriver: chrome on WINDOWS (1d9aa7fd4dfc172d124da41a0601b15a)] -> xpath: //a[text()='Books ']]
2022-12-20 23:20:47 INFO  RegisterPage :73 - Get register text: [[ChromeDriver: chrome on WINDOWS (1d9aa7fd4dfc172d124da41a0601b15a)] -> css selector: div[class='page-title'] h1]
2022-12-20 23:20:52 INFO  DesktopPage :74 - Click on the Jewelery Tab : [[ChromeDriver: chrome on WINDOWS (312bcf5c053001fa1f1f7e3ca48e4bf8)] -> xpath: //a[text()='Jewelry ']]
2022-12-20 23:20:52 INFO  RegisterPage :73 - Get register text: [[ChromeDriver: chrome on WINDOWS (312bcf5c053001fa1f1f7e3ca48e4bf8)] -> css selector: div[class='page-title'] h1]
2022-12-20 23:20:56 INFO  DesktopPage :79 - Click on the Gift Cards Tab : [[ChromeDriver: chrome on WINDOWS (4c5edb2da0a63df9755ea6150b6e9c39)] -> xpath: //a[text()='Gift Cards ']]
2022-12-20 23:20:56 INFO  RegisterPage :73 - Get register text: [[ChromeDriver: chrome on WINDOWS (4c5edb2da0a63df9755ea6150b6e9c39)] -> css selector: div[class='page-title'] h1]
2022-12-20 23:21:00 INFO  HomePage :35 - Clicking on login link : [[ChromeDriver: chrome on WINDOWS (4bea38877dcc19ae8f56a7eebf804e94)] -> link text: Log in]
2022-12-20 23:21:00 INFO  LoginPage :46 - Getting text from : [[ChromeDriver: chrome on WINDOWS (4bea38877dcc19ae8f56a7eebf804e94)] -> xpath: //h1[contains(text(),'Welcome, Please Sign In!')]]
2022-12-20 23:21:04 INFO  HomePage :35 - Clicking on login link : [[ChromeDriver: chrome on WINDOWS (c7b96ddd8a3cbcf389accc0cc0447ee3)] -> link text: Log in]
2022-12-20 23:21:04 INFO  LoginPage :52 - Enter email Id : [[ChromeDriver: chrome on WINDOWS (c7b96ddd8a3cbcf389accc0cc0447ee3)] -> id: Email]
2022-12-20 23:21:04 INFO  LoginPage :57 - Enter password : [[ChromeDriver: chrome on WINDOWS (c7b96ddd8a3cbcf389accc0cc0447ee3)] -> name: Password]
2022-12-20 23:21:05 INFO  LoginPage :62 - Clicking on Login Button : [[ChromeDriver: chrome on WINDOWS (c7b96ddd8a3cbcf389accc0cc0447ee3)] -> xpath: //button[contains(text(),'Log in')]]
2022-12-20 23:21:09 INFO  HomePage :35 - Clicking on login link : [[ChromeDriver: chrome on WINDOWS (b0807dd1c63fc60fe685495427200e87)] -> link text: Log in]
2022-12-20 23:21:09 INFO  LoginPage :52 - Enter email Id : [[ChromeDriver: chrome on WINDOWS (b0807dd1c63fc60fe685495427200e87)] -> id: Email]
2022-12-20 23:21:09 INFO  LoginPage :57 - Enter password : [[ChromeDriver: chrome on WINDOWS (b0807dd1c63fc60fe685495427200e87)] -> name: Password]
2022-12-20 23:21:10 INFO  LoginPage :62 - Clicking on Login Button : [[ChromeDriver: chrome on WINDOWS (b0807dd1c63fc60fe685495427200e87)] -> xpath: //button[contains(text(),'Log in')]]
2022-12-20 23:21:10 INFO  LoginPage :67 - Getting text from : [[ChromeDriver: chrome on WINDOWS (b0807dd1c63fc60fe685495427200e87)] -> xpath: //div[@class='message-error validation-summary-errors']]
2022-12-20 23:21:13 INFO  HomePage :40 - Clicking on register link : [[ChromeDriver: chrome on WINDOWS (8c120c575a98ff5cb7b0b0304a10229f)] -> link text: Register]
2022-12-20 23:21:13 INFO  RegisterPage :73 - Get register text: [[ChromeDriver: chrome on WINDOWS (8c120c575a98ff5cb7b0b0304a10229f)] -> css selector: div[class='page-title'] h1]
2022-12-20 23:21:17 INFO  HomePage :40 - Clicking on register link : [[ChromeDriver: chrome on WINDOWS (d788e8081b20121f58500cb8e1527329)] -> link text: Register]
2022-12-20 23:21:18 INFO  RegisterPage :79 - Enter Gender : [[ChromeDriver: chrome on WINDOWS (d788e8081b20121f58500cb8e1527329)] -> id: gender-male]
2022-12-20 23:21:18 INFO  RegisterPage :84 - Enter Firstname : [[ChromeDriver: chrome on WINDOWS (d788e8081b20121f58500cb8e1527329)] -> id: FirstName]
2022-12-20 23:21:18 INFO  RegisterPage :89 - Enter last name : [[ChromeDriver: chrome on WINDOWS (d788e8081b20121f58500cb8e1527329)] -> id: LastName]
2022-12-20 23:21:18 INFO  RegisterPage :94 - Enter day of birth : [[ChromeDriver: chrome on WINDOWS (d788e8081b20121f58500cb8e1527329)] -> name: DateOfBirthDay]
2022-12-20 23:21:18 INFO  RegisterPage :99 - Enter month of birth : [[ChromeDriver: chrome on WINDOWS (d788e8081b20121f58500cb8e1527329)] -> name: DateOfBirthMonth]
2022-12-20 23:21:18 INFO  RegisterPage :104 - Enter year of birth : [[ChromeDriver: chrome on WINDOWS (d788e8081b20121f58500cb8e1527329)] -> name: DateOfBirthYear]
2022-12-20 23:21:18 INFO  LoginPage :52 - Enter email Id : [[ChromeDriver: chrome on WINDOWS (d788e8081b20121f58500cb8e1527329)] -> id: Email]
2022-12-20 23:21:18 INFO  RegisterPage :109 - Enter company name  : [[ChromeDriver: chrome on WINDOWS (d788e8081b20121f58500cb8e1527329)] -> id: Company]
2022-12-20 23:21:19 INFO  RegisterPage :114 - Enter password : [[ChromeDriver: chrome on WINDOWS (d788e8081b20121f58500cb8e1527329)] -> xpath: //input[@id='Password']]
2022-12-20 23:21:19 INFO  RegisterPage :119 - Enter pasword : [[ChromeDriver: chrome on WINDOWS (d788e8081b20121f58500cb8e1527329)] -> name: ConfirmPassword]
2022-12-20 23:21:19 INFO  RegisterPage :124 - Click on register button : [[ChromeDriver: chrome on WINDOWS (d788e8081b20121f58500cb8e1527329)] -> id: register-button]
2022-12-20 23:21:19 INFO  RegisterPage :73 - Get register text: [[ChromeDriver: chrome on WINDOWS (d788e8081b20121f58500cb8e1527329)] -> css selector: div[class='page-title'] h1]
